1535774400,631124,
1538366400,634685,
1541044800,638399,
1543640400,642712,
1546318800,646116,
1548997200,650370,
1551416400,654590,1
1554091200,659633,2
1556683200,664317,3
1559361600,669107,4
1561953600,673630,5
1564632000,678344,6
1567310400,682952,7
1569902400,687701,8
1572580800,692335,9
1575176400,697014,10
1577854800,701688,11
1580533200,706503,12
1583038800,710902,13
1585713600,716190,14
1588305600,721476,15
1590984000,727028,16
1593576000,732057,17
1596254400,737283,18
1598932800,742380,19
1601524800,747611,20
1604203200,753293,21
1606798800,759689,22
