1349064000,10879,
1351742400,11165,
1354338000,11510,
1357016400,11853,
1359694800,12345,
1362114000,12809,
1364788800,13511,1
1367380800,14166,2
1370059200,14788,3
1372651200,15544,4
1375329600,16299,5
1378008000,16977,6
1380600000,17868,7
1383278400,18655,8
1385874000,19593,9
1388552400,20600,10
1391230800,21749,11
1393650000,22795,12
1396324800,24135,13
1398916800,25390,14
1401595200,26814,15
1404187200,28231,16
1406865600,29610,17
1409544000,31278,18
1412136000,32833,19
1414814400,34484,20
1417410000,36142,21
1420088400,37675,22
1422766800,39546,23
1425186000,41311,24
1427860800,43180,25
1430452800,45031,26
1433131200,47195,27
1435723200,49270,28
1438401600,51785,29
1441080000,54326,30
1443672000,57007,31
1446350400,59669,32
1448946000,62486,33
1451624400,65556,34
1454302800,68529,35
1456808400,71534,36
1459483200,75077,37
1462075200,78380,38
1464753600,81653,39
1467345600,84534,40
1470024000,87765,41
1472702400,91109,42
1475294400,94350,43
1477972800,97737,44
1480568400,100842,45
1483246800,104104,46
1485925200,107200,47
1488344400,110761,48
1491019200,114631,49
1493611200,118377,50
1496289600,122204,51
1498881600,126423,52
1501560000,130584,53
1504238400,134589,54
1506830400,138213,55
1509508800,142687,56
1512104400,146830,57
1514782800,151019,58
1517461200,155848,59
1519880400,159955,60
1522555200,164612,61
1525147200,169116,62
1527825600,173717,63
1530417600,178511,64
1533096000,183589,65
1535774400,188363,66
1538366400,193070,67
1541044800,197715,68
1543640400,202953,69
1546318800,207117,70
1548997200,212104,71
1551416400,217066,72
1554091200,222785,73
1556683200,228042,74
1559361600,233382,75
1561953600,238319,76
1564632000,243561,77
1567310400,248640,78
1569902400,253787,79
1572580800,258815,80
1575176400,263860,81
1577854800,268871,82
1580533200,274022,83
1583038800,278692,84
1585713600,284271,85
1588305600,289856,86
1590984000,295659,87
1593576000,300977,88
1596254400,306470,89
1598932800,311803,90
1601524800,317273,91
1604203200,323170,92
1606798800,329797,93
