1470024000,264203,
1472702400,23625,
1475294400,24340,
1477972800,25141,
1480568400,25864,
1483246800,26634,
1485925200,27453,1
1488344400,28354,2
1491019200,29303,3
1493611200,30220,4
1496289600,31089,5
1498881600,32129,6
1501560000,33099,7
1504238400,34050,8
1506830400,34816,9
1509508800,35868,10
1512104400,36838,11
1514782800,37860,12
1517461200,38972,13
1519880400,40070,14
1522555200,41198,15
1525147200,42347,16
1527825600,43378,17
1530417600,44463,18
1533096000,45406,19
1535774400,53196,0
1538366400,54416,0
1541044800,55614,0
1543640400,56955,0
1546318800,58248,0
1548997200,59623,1
1551416400,60915,2
1554091200,62439,3
1556683200,63915,4
1559361600,65415,5
1561953600,66723,6
1564632000,68076,7
1567310400,69362,8
1569902400,70763,9
1572580800,72085,10
1575176400,73414,11
1577854800,74861,12
1580533200,76139,13
1583038800,77401,14
1585713600,78838,15
1588305600,80382,16
1590984000,82039,17
1593576000,83390,18
1596254400,84731,19
1598932800,86073,20
1601524800,87425,21
1604203200,89241,22
1606798800,91530,23
