1330578000,5231,
1333252800,5379,
1335844800,5560,
1338523200,5785,
1341115200,6011,
1343793600,6240,
1346472000,6585,1
1349064000,6895,2
1351742400,7258,3
1354338000,7653,4
1357016400,8041,5
1359694800,8572,6
1362114000,9067,7
1364788800,9804,8
1367380800,10502,9
1370059200,11146,10
1372651200,11936,11
1375329600,12711,12
1378008000,13405,13
1380600000,14325,14
1383278400,15137,15
1385874000,16098,16
1388552400,17123,17
1391230800,18287,18
1393650000,19357,19
1396324800,20718,20
1398916800,21991,21
1401595200,23435,22
1404187200,24863,23
1406865600,26253,24
1409544000,27935,25
1412136000,29499,26
1414814400,31162,27
1417410000,32827,28
1420088400,34367,29
1422766800,36242,30
1425186000,38014,31
1427860800,39893,32
1430452800,41754,33
1433131200,43925,34
1435723200,46011,35
1438401600,48533,36
1441080000,51085,37
1443672000,53778,38
1446350400,56451,39
1448946000,59279,40
1451624400,62356,41
1454302800,65338,42
1456808400,68345,43
1459483200,71895,44
1462075200,75213,45
1464753600,78490,46
1467345600,81373,47
1470024000,84607,48
1472702400,87959,49
1475294400,91206,50
1477972800,94602,51
1480568400,97709,52
1483246800,100978,53
1485925200,104081,54
1488344400,107643,55
1491019200,111517,56
1493611200,115267,57
1496289600,119097,58
1498881600,123319,59
1501560000,127481,60
1504238400,131487,61
1506830400,135113,62
1509508800,139594,63
1512104400,143737,64
1514782800,147930,65
1517461200,152760,66
1519880400,156867,67
1522555200,161527,68
1525147200,166036,69
1527825600,170640,70
1530417600,175436,71
1533096000,180517,72
1535774400,185292,73
1538366400,190003,74
1541044800,194651,75
1543640400,199889,76
1546318800,204054,77
1548997200,209045,78
1551416400,214006,79
1554091200,219728,80
1556683200,224986,81
1559361600,230326,82
1561953600,235266,83
1564632000,240507,84
1567310400,245586,85
1569902400,250737,86
1572580800,255766,87
1575176400,260813,88
1577854800,265825,89
1580533200,270977,90
1583038800,275647,91
1585713600,281227,92
1588305600,286813,93
1590984000,292620,94
1593576000,297938,95
1596254400,303433,96
1598932800,308767,97
1601524800,314244,98
1604203200,320137,99
1606798800,326762,100
