1451624400,186262,
1454302800,188349,
1456808400,190585,
1459483200,193562,
1462075200,196294,
1464753600,199036,
1467345600,201477,1
1470024000,204306,2
1472702400,207197,3
1475294400,210063,4
1477972800,213122,5
1480568400,215925,6
1483246800,218921,7
1485925200,221775,8
1488344400,225069,9
1491019200,228665,10
1493611200,232171,11
1496289600,235785,12
1498881600,239800,13
1501560000,243756,14
1504238400,247545,15
1506830400,251015,16
1509508800,255193,17
1512104400,259177,18
1514782800,263206,19
1517461200,267902,20
1519880400,271889,21
1522555200,276453,22
1525147200,280841,23
1527825600,285332,24
1530417600,290002,25
1533096000,294970,26
1535774400,299627,27
1538366400,304261,28
1541044800,308809,29
1543640400,313968,30
1546318800,318056,31
1548997200,322982,32
1551416400,327892,33
1554091200,333533,34
1556683200,338740,35
1559361600,344035,36
1561953600,348931,37
1564632000,354117,38
1567310400,359128,39
1569902400,364238,40
1572580800,369222,41
1575176400,374216,42
1577854800,379183,43
1580533200,384287,44
1583038800,388937,45
1585713600,394488,46
1588305600,400038,47
1590984000,405813,48
1593576000,411101,49
1596254400,416558,50
1598932800,421855,51
1601524800,427285,52
1604203200,433142,53
1606798800,439737,54
