1467345600,252213,
1470024000,254511,
1472702400,256969,
1475294400,259475,
1477972800,262209,
1480568400,264712,
1483246800,267460,1
1485925200,270192,2
1488344400,273311,3
1491019200,276724,4
1493611200,280084,5
1496289600,283511,6
1498881600,287361,7
1501560000,291155,8
1504238400,294810,9
1506830400,298155,10
1509508800,302217,11
1512104400,306096,12
1514782800,310034,13
1517461200,314597,14
1519880400,318508,15
1522555200,322996,16
1525147200,327310,17
1527825600,331737,18
1530417600,336346,19
1533096000,341176,20
1535774400,345767,21
1538366400,350353,22
1541044800,354833,23
1543640400,359930,24
1546318800,363979,25
1548997200,368864,26
1551416400,373724,27
1554091200,379328,28
1556683200,384511,29
1559361600,389761,30
1561953600,394629,31
1564632000,399783,32
1567310400,404774,33
1569902400,409852,34
1572580800,414821,35
1575176400,419796,36
1577854800,424743,37
1580533200,429821,38
1583038800,434446,39
1585713600,439974,40
1588305600,445503,41
1590984000,451242,42
1593576000,456504,43
1596254400,461943,44
1598932800,467213,45
1601524800,472622,46
1604203200,478466,47
1606798800,485044,48
