1441080000,151815,
1443672000,153651,
1446350400,155657,
1448946000,157799,
1451624400,160333,
1454302800,162808,
1456808400,165388,1
1459483200,168609,2
1462075200,171544,3
1464753600,174455,4
1467345600,177059,5
1470024000,179991,6
1472702400,183001,7
1475294400,185981,8
1477972800,189143,9
1480568400,192032,10
1483246800,195093,11
1485925200,198012,12
1488344400,201382,13
1491019200,205050,14
1493611200,208633,15
1496289600,212299,16
1498881600,216365,17
1501560000,220379,18
1504238400,224213,19
1506830400,227722,20
1509508800,231967,21
1512104400,235991,22
1514782800,240070,23
1517461200,244793,24
1519880400,248815,25
1522555200,253401,26
1525147200,257819,27
1527825600,262342,28
1530417600,267046,29
1533096000,272039,30
1535774400,276726,31
1538366400,281375,32
1541044800,285950,33
1543640400,291135,34
1546318800,295247,35
1548997200,300194,36
1551416400,305115,37
1554091200,310772,38
1556683200,315995,39
1559361600,321298,40
1561953600,326199,41
1564632000,331403,42
1567310400,336432,43
1569902400,341558,44
1572580800,346550,45
1575176400,351555,46
1577854800,356533,47
1580533200,361643,48
1583038800,366295,49
1585713600,371863,50
1588305600,377417,51
1590984000,383202,52
1593576000,388500,53
1596254400,393965,54
1598932800,399273,55
1601524800,404711,56
1604203200,410573,57
1606798800,417177,58
