1488344400,349139,
1491019200,351789,
1493611200,354613,
1496289600,357615,
1498881600,361071,
1501560000,364485,
1504238400,367883,1
1506830400,370990,2
1509508800,374766,3
1512104400,378433,4
1514782800,382129,5
1517461200,386447,6
1519880400,390199,7
1522555200,394525,8
1525147200,398646,9
1527825600,402905,10
1530417600,407401,11
1533096000,412041,12
1535774400,416474,13
1538366400,420954,14
1541044800,425311,15
1543640400,430263,16
1546318800,434195,17
1548997200,438994,18
1551416400,443741,19
1554091200,449263,20
1556683200,454367,21
1559361600,459531,22
1561953600,464364,23
1564632000,469460,24
1567310400,474370,25
1569902400,479403,26
1572580800,484312,27
1575176400,489232,28
1577854800,494134,29
1580533200,499164,30
1583038800,503756,31
1585713600,509247,32
1588305600,514725,33
1590984000,520432,34
1593576000,525655,35
1596254400,531052,36
1598932800,536282,37
1601524800,541651,38
1604203200,547467,39
1606798800,554007,40
