1548997200,715714,
1551416400,719418,
1554091200,724034,
1556683200,139030,
1559361600,142272,
1561953600,145190,
1564632000,148188,
1567310400,151133,
1569902400,154253,1
1572580800,157230,2
1575176400,160021,3
1577854800,162978,4
1580533200,165948,5
1583038800,168543,6
1585713600,171654,7
1588305600,174919,8
1590984000,178182,9
1593576000,180993,10
1596254400,183900,11
1598932800,186843,12
1601524800,189680,13
1604203200,192410,14
1606798800,195057,15
1609477200,197886,16
1612155600,201055,17
1614574800,203911,18
1617249600,208938,19
1619841600,213136,20
1622520000,216787,21
1625112000,223261,22
1627790400,226657,23
