1546318800,124349,
1548997200,127186,
1551416400,129858,
1554091200,132997,
1556683200,135911,
1559361600,139039,
1561953600,141774,1
1564632000,144621,2
1567310400,147449,3
1569902400,150480,4
1572580800,153272,5
1575176400,155923,6
1577854800,158744,7
1580533200,161587,8
1583038800,164079,9
1585713600,167060,10
1588305600,170198,11
1590984000,173266,12
1593576000,175950,13
1596254400,178695,14
1598932800,181575,15
1601524800,184361,16
1604203200,186950,17
1606798800,189390,18
1609477200,192160,19
1612155600,195188,20
1614574800,197917,21
1617249600,202849,22
1619841600,206859,23
1622520000,210475,24
1625112000,216922,25
