1554091200,203773,
1556683200,208573,
1559361600,213531,
1561953600,217997,
1564632000,222762,
1567310400,227563,
1569902400,232430,1
1572580800,237009,2
1575176400,241566,3
1577854800,246164,4
1580533200,250835,5
1583038800,255074,6
1585713600,260080,7
1588305600,265106,8
1590984000,270276,9
1593576000,274985,10
1596254400,279774,11
1598932800,284286,12
1601524800,288835,13
1604203200,293150,14
1606798800,297550,15
1609477200,302116,16
1612155600,307128,17
1614574800,311871,18
1617249600,318906,19
1619841600,325039,20
1622520000,330724,21
1625112000,340838,22
