1467345600,252935,
1470024000,255205,
1472702400,257653,
1475294400,260157,
1477972800,262882,
1480568400,265384,
1483246800,268132,1
1485925200,270859,2
1488344400,273976,3
1491019200,277382,4
1493611200,280738,5
1496289600,284160,6
1498881600,288009,7
1501560000,291803,8
1504238400,295458,9
1506830400,298804,10
1509508800,302863,11
1512104400,306740,12
1514782800,310678,13
1517461200,315240,14
1519880400,319151,15
1522555200,323639,16
1525147200,327953,17
1527825600,332378,18
1530417600,336986,19
1533096000,341815,20
1535774400,346403,21
1538366400,350989,22
1541044800,355467,23
1543640400,360561,24
1546318800,364610,25
1548997200,369493,26
1551416400,374352,27
1554091200,379955,28
1556683200,385137,29
1559361600,390387,30
1561953600,395254,31
1564632000,400406,32
1567310400,405397,33
1569902400,410475,34
1572580800,415444,35
1575176400,420420,36
1577854800,425366,37
1580533200,430441,38
1583038800,435066,39
1585713600,440593,40
1588305600,446122,41
1590984000,451861,42
1593576000,457121,43
1596254400,462559,44
1598932800,467829,45
1601524800,473239,46
1604203200,479083,47
1606798800,485660,48
