1435723200,38007,
1438401600,40025,
1441080000,41709,
1443672000,43095,
1446350400,45898,
1448946000,47193,
1451624400,49405,1
1454302800,51561,2
1456808400,54880,3
1459483200,57451,4
1462075200,59894,5
1464753600,62375,6
1467345600,64608,7
1470024000,67028,8
1472702400,69465,9
1475294400,71812,10
1477972800,74299,11
1480568400,76588,12
1483246800,78863,13
1485925200,81207,14
1488344400,83899,15
1491019200,86851,16
1493611200,89618,17
1496289600,92499,18
1498881600,94374,19
1501560000,97330,20
1504238400,100077,21
1506830400,102657,22
1509508800,105583,23
1512104400,108475,24
1514782800,111421,25
1517461200,114836,26
1519880400,117747,27
1522555200,120968,28
1525147200,124137,29
1527825600,127369,30
1530417600,130833,31
1533096000,134113,32
1535774400,126541,0
1538366400,129511,0
1541044800,132542,0
1543640400,136030,0
1546318800,138720,0
1548997200,142012,1
1551416400,145220,2
1554091200,148843,3
1556683200,152211,4
1559361600,155751,5
1561953600,159039,6
1564632000,162307,7
1567310400,165531,8
1569902400,168971,9
1572580800,172218,10
1575176400,175256,11
1577854800,178521,12
1580533200,181823,13
1583038800,184823,14
1585713600,188303,15
1588305600,191996,16
1590984000,195629,17
1593576000,198829,18
1596254400,202184,19
1598932800,205522,20
1601524800,208738,21
1604203200,212645,22
1606798800,217410,23
