1501560000,417146,
1504238400,420043,
1506830400,422820,
1509508800,426214,
1512104400,429617,
1514782800,433097,
1517461200,437136,1
1519880400,440719,2
1522555200,444851,3
1525147200,448822,4
1527825600,452936,5
1530417600,457288,6
1533096000,461817,7
1535774400,466122,8
1538366400,470533,9
1541044800,474809,10
1543640400,479645,11
1546318800,483481,12
1548997200,488197,13
1551416400,492858,14
1554091200,498315,15
1556683200,503348,16
1559361600,508451,17
1561953600,513240,18
1564632000,518288,19
1567310400,523147,20
1569902400,528123,21
1572580800,532987,22
1575176400,537861,23
1577854800,542713,24
1580533200,547709,25
1583038800,552269,26
1585713600,557716,27
1588305600,563156,28
1590984000,568833,29
1593576000,574008,30
1596254400,579364,31
1598932800,584574,32
1601524800,589921,33
1604203200,595702,34
1606798800,602222,35
