1525147200,566953,
1527825600,570128,
1530417600,573903,
1533096000,577836,
1535774400,581719,
1538366400,585647,
1541044800,589649,1
1543640400,594204,2
1546318800,597768,3
1548997200,602192,4
1551416400,606616,5
1554091200,611847,6
1556683200,616670,7
1559361600,621561,8
1561953600,626201,9
1564632000,631017,10
1567310400,635711,11
1569902400,640538,12
1572580800,645269,13
1575176400,650021,14
1577854800,654764,15
1580533200,659644,16
1583038800,664100,17
1585713600,669441,18
1588305600,674786,19
1590984000,680390,20
1593576000,685469,21
1596254400,690736,22
1598932800,695864,23
1601524800,701120,24
1604203200,706837,25
1606798800,713287,26
