1504238400,436330,
1506830400,438857,
1509508800,442054,
1512104400,445331,
1514782800,448715,
1517461200,452662,
1519880400,456209,1
1522555200,460258,2
1525147200,464151,3
1527825600,468206,4
1530417600,472515,5
1533096000,476984,6
1535774400,481254,7
1538366400,485619,8
1541044800,489849,9
1543640400,494638,10
1546318800,498447,11
1548997200,503117,12
1551416400,507741,13
1554091200,513178,14
1556683200,518188,15
1559361600,523264,16
1561953600,528040,17
1564632000,533061,18
1567310400,537907,19
1569902400,542876,20
1572580800,547739,21
1575176400,552600,22
1577854800,557435,23
1580533200,562414,24
1583038800,566964,25
1585713600,572399,26
1588305600,577830,27
1590984000,583501,28
1593576000,588663,29
1596254400,594011,30
1598932800,599210,31
1601524800,604541,32
1604203200,610314,33
1606798800,616829,34
