1496289600,388144,
1498881600,391184,
1501560000,394288,
1504238400,397479,
1506830400,400438,
1509508800,404020,
1512104400,407557,1
1514782800,411137,2
1517461200,415277,3
1519880400,418959,4
1522555200,423178,5
1525147200,427225,6
1527825600,431406,7
1530417600,435822,8
1533096000,440405,9
1535774400,444763,10
1538366400,449206,11
1541044800,453526,12
1543640400,458424,13
1546318800,462303,14
1548997200,467065,15
1551416400,471764,16
1554091200,477247,17
1556683200,482320,18
1559361600,487454,19
1561953600,492260,20
1564632000,497324,21
1567310400,502199,22
1569902400,507206,23
1572580800,512094,24
1575176400,516997,25
1577854800,521867,26
1580533200,526878,27
1583038800,531452,28
1585713600,536913,29
1588305600,542369,30
1590984000,548054,31
1593576000,553246,32
1596254400,558620,33
1598932800,563839,34
1601524800,569194,35
1604203200,574990,36
1606798800,581522,37
