1525147200,561612,
1527825600,564964,
1530417600,568803,
1533096000,572769,
1535774400,576674,
1538366400,580635,
1541044800,584581,1
1543640400,589165,2
1546318800,592740,3
1548997200,597173,4
1551416400,601617,5
1554091200,606851,6
1556683200,611691,7
1559361600,616599,8
1561953600,621246,9
1564632000,626068,10
1567310400,630776,11
1569902400,635616,12
1572580800,640360,13
1575176400,645125,14
1577854800,649878,15
1580533200,654769,16
1583038800,659229,17
1585713600,664579,18
1588305600,669931,19
1590984000,675537,20
1593576000,680617,21
1596254400,685885,22
1598932800,691012,23
1601524800,696274,24
1604203200,701994,25
1606798800,708451,26
