1459483200,212018,
1462075200,214452,
1464753600,217016,
1467345600,219313,
1470024000,222030,
1472702400,224814,
1475294400,227596,1
1477972800,230563,2
1480568400,233293,3
1483246800,236221,4
1485925200,239087,5
1488344400,242319,6
1491019200,245866,7
1493611200,249309,8
1496289600,252858,9
1498881600,256824,10
1501560000,260726,11
1504238400,264441,12
1506830400,267882,13
1509508800,272012,14
1512104400,275967,15
1514782800,279966,16
1517461200,284590,17
1519880400,288546,18
1522555200,293084,19
1525147200,297446,20
1527825600,301924,21
1530417600,306575,22
1533096000,311512,23
1535774400,316147,24
1538366400,320767,25
1541044800,325287,26
1543640400,330423,27
1546318800,334490,28
1548997200,339404,29
1551416400,344298,30
1554091200,349923,31
1556683200,355124,32
1559361600,360403,33
1561953600,365286,34
1564632000,370463,35
1567310400,375467,36
1569902400,380564,37
1572580800,385546,38
1575176400,390537,39
1577854800,395500,40
1580533200,400591,41
1583038800,405232,42
1585713600,410772,43
1588305600,416315,44
1590984000,422079,45
1593576000,427357,46
1596254400,432805,47
1598932800,438092,48
1601524800,443516,49
1604203200,449370,50
1606798800,455958,51
