1359694800,16457,
1362114000,16830,
1364788800,17447,
1367380800,18040,
1370059200,18603,
1372651200,19311,
1375329600,20027,1
1378008000,20668,2
1380600000,21519,3
1383278400,22282,4
1385874000,23196,5
1388552400,24176,6
1391230800,25309,7
1393650000,26331,8
1396324800,27645,9
1398916800,28879,10
1401595200,30286,11
1404187200,31679,12
1406865600,33033,13
1409544000,34688,14
1412136000,36226,15
1414814400,37868,16
1417410000,39519,17
1420088400,41046,18
1422766800,42900,19
1425186000,44651,20
1427860800,46514,21
1430452800,48356,22
1433131200,50511,23
1435723200,52575,24
1438401600,55081,25
1441080000,57614,26
1443672000,60289,27
1446350400,62940,28
1448946000,65748,29
1451624400,68811,30
1454302800,71778,31
1456808400,74772,32
1459483200,78315,33
1462075200,81606,34
1464753600,84877,35
1467345600,87754,36
1470024000,90978,37
1472702400,94313,38
1475294400,97552,39
1477972800,100939,40
1480568400,104039,41
1483246800,107297,42
1485925200,110394,43
1488344400,113948,44
1491019200,117815,45
1493611200,121554,46
1496289600,125375,47
1498881600,129592,48
1501560000,133749,49
1504238400,137749,50
1506830400,141370,51
1509508800,145835,52
1512104400,149974,53
1514782800,154160,54
1517461200,158988,55
1519880400,163094,56
1522555200,167748,57
1525147200,172248,58
1527825600,176844,59
1530417600,181635,60
1533096000,186711,61
1535774400,191480,62
1538366400,196186,63
1541044800,200828,64
1543640400,206064,65
1546318800,210225,66
1548997200,215211,67
1551416400,220174,68
1554091200,225887,69
1556683200,231138,70
1559361600,236474,71
1561953600,241408,72
1564632000,246646,73
1567310400,251724,74
1569902400,256870,75
1572580800,261898,76
1575176400,266942,77
1577854800,271952,78
1580533200,277101,79
1583038800,281769,80
1585713600,287345,81
1588305600,292930,82
1590984000,298731,83
1593576000,304048,84
1596254400,309539,85
1598932800,314870,86
1601524800,320337,87
1604203200,326234,88
1606798800,332858,89
