1435723200,132811,
1438401600,134659,
1441080000,136648,
1443672000,138793,
1446350400,141011,
1448946000,143334,
1451624400,146025,1
1454302800,148631,2
1456808400,151327,3
1459483200,154645,4
1462075200,157635,5
1464753600,160636,6
1467345600,163301,7
1470024000,166289,8
1472702400,169370,9
1475294400,172405,10
1477972800,175623,11
1480568400,178544,12
1483246800,181650,13
1485925200,184602,14
1488344400,188001,15
1491019200,191725,16
1493611200,195347,17
1496289600,199044,18
1498881600,203143,19
1501560000,207180,20
1504238400,211048,21
1506830400,214590,22
1509508800,218873,23
1512104400,222923,24
1514782800,227027,25
1517461200,231781,26
1519880400,235815,27
1522555200,240422,28
1525147200,244847,29
1527825600,249383,30
1530417600,254108,31
1533096000,259117,32
1535774400,263813,33
1538366400,268476,34
1541044800,273064,35
1543640400,278266,36
1546318800,282384,37
1548997200,287334,38
1551416400,292266,39
1554091200,297932,40
1556683200,303159,41
1559361600,308466,42
1561953600,313368,43
1564632000,318577,44
1567310400,323616,45
1569902400,328741,46
1572580800,333738,47
1575176400,338744,48
1577854800,343726,49
1580533200,348845,50
1583038800,353503,51
1585713600,359071,52
1588305600,364627,53
1590984000,370418,54
1593576000,375721,55
1596254400,381191,56
1598932800,386503,57
1601524800,391952,58
1604203200,397818,59
1606798800,404428,60
