1438401600,31163,
1441080000,32153,
1443672000,33579,
1446350400,34896,
1448946000,36396,
1451624400,38032,
1454302800,37923,1
1456808400,35405,0
1459483200,36851,0
1462075200,33659,0
1464753600,34944,0
1467345600,36121,0
1470024000,36874,0
1472702400,38050,0
1475294400,39241,1
1477972800,40503,2
1480568400,41800,3
1483246800,43065,4
1485925200,44181,5
1488344400,45611,6
1491019200,47198,7
1493611200,48683,8
1496289600,57163,0
1498881600,58241,0
1501560000,60082,0
1504238400,61791,0
1506830400,60480,0
1509508800,99953,0
1512104400,100006,0
1514782800,102969,0
1517461200,106194,0
1519880400,108825,0
1522555200,102685,0
1525147200,95477,0
1527825600,97734,0
1530417600,100332,0
1533096000,102852,0
1535774400,79643,0
1538366400,81504,0
1541044800,77909,0
1543640400,79905,0
1546318800,81526,0
1548997200,76753,0
1551416400,67368,0
1554091200,69004,0
1556683200,70610,0
1559361600,72277,0
1561953600,73650,0
1564632000,75136,1
1567310400,76528,2
1569902400,78072,3
1572580800,79538,4
1575176400,81002,5
1577854800,82630,6
1580533200,84078,7
1583038800,85576,8
1585713600,87236,9
1588305600,88917,10
1590984000,90625,11
1593576000,92017,12
1596254400,93460,13
1598932800,94949,14
1601524800,96417,15
1604203200,98349,16
1606798800,100705,17
